<?xml version="1.0" encoding="UTF-8"?>
<testsuite xmlns:xsi="http://www.w3.org/2001/XMLSchema-instance" xsi:noNamespaceSchemaLocation="https://maven.apache.org/surefire/maven-surefire-plugin/xsd/surefire-test-report-3.0.xsd" version="3.0" name="com.biblioteca.BibliotecaApplicationTests" time="25.832" tests="1" errors="0" skipped="0" failures="0">
  <properties>
[...]
</properties>
  <testcase name="contextLoads" classname="com.biblioteca.BibliotecaApplicationTests" time="6.09">
    <system-out><![CDATA[09:05:20.049 [main] INFO org.springframework.test.context.support.AnnotationConfigContextLoaderUtils -- Could not detect default configuration classes for test class [com.biblioteca.BibliotecaApplicationTests]: BibliotecaApplicationTests does not declare any static, non-private, non-final, nested classes annotated with @Configuration.
09:05:20.654 [main] INFO org.springframework.boot.test.context.SpringBootTestContextBootstrapper -- Found @SpringBootConfiguration com.biblioteca.BibliotecaApplication for test class com.biblioteca.BibliotecaApplicationTests
09:05:21.887 [main] INFO org.springframework.boot.devtools.restart.RestartApplicationListener -- Restart disabled due to context in which it is running
  .   ____          _            __ _ _
 /\\ / ___'_ __ _ _(_)_ __  __ _ \ \ \ \
( ( )\___ | '_ | '_| | '_ \/ _` | \ \ \ \
 \\/  ___)| |_)| | | | | || (_| |  ) ) ) )
  '  |____| .__|_| |_|_| |_\__, | / / / /
 =========|_|==============|___/=/_/_/_/

 :: Spring Boot ::                (v3.3.0)

2024-06-02T09:05:23.446-05:00  INFO 10396 --- [Biblioteca] [           main] c.biblioteca.BibliotecaApplicationTests  : Starting BibliotecaApplicationTests using Java 17.0.10 with PID 10396 (started by Usuario in C:\Users\Usuario\Documents\camiloSprint\Biblioteca)
2024-06-02T09:05:23.455-05:00  INFO 10396 --- [Biblioteca] [           main] c.biblioteca.BibliotecaApplicationTests  : No active profile set, falling back to 1 default profile: "default"
2024-06-02T09:05:27.410-05:00  INFO 10396 --- [Biblioteca] [           main] .s.d.r.c.RepositoryConfigurationDelegate : Bootstrapping Spring Data MongoDB repositories in DEFAULT mode.
2024-06-02T09:05:27.731-05:00  INFO 10396 --- [Biblioteca] [           main] .s.d.r.c.RepositoryConfigurationDelegate : Finished Spring Data repository scanning in 299 ms. Found 4 MongoDB repository interfaces.
2024-06-02T09:05:31.357-05:00  INFO 10396 --- [Biblioteca] [byn.mongodb.net] org.mongodb.driver.cluster               : Adding discovered server ac-y5mbucf-shard-00-01.mc9vbyn.mongodb.net:27017 to client view of cluster
2024-06-02T09:05:31.502-05:00  INFO 10396 --- [Biblioteca] [           main] org.mongodb.driver.client                : MongoClient with metadata {"driver": {"name": "mongo-java-driver|sync|spring-boot", "version": "5.0.1"}, "os": {"type": "Windows", "name": "Windows 10", "architecture": "amd64", "version": "10.0"}, "platform": "Java/Eclipse Adoptium/17.0.10+7"} created with settings MongoClientSettings{readPreference=primary, writeConcern=WriteConcern{w=null, wTimeout=null ms, journal=null}, retryWrites=true, retryReads=true, readConcern=ReadConcern{level=null}, credential=MongoCredential{mechanism=null, userName='camilo', source='admin', password=<hidden>, mechanismProperties=<hidden>}, transportSettings=null, commandListeners=[], codecRegistry=ProvidersCodecRegistry{codecProviders=[ValueCodecProvider{}, BsonValueCodecProvider{}, DBRefCodecProvider{}, DBObjectCodecProvider{}, DocumentCodecProvider{}, CollectionCodecProvider{}, IterableCodecProvider{}, MapCodecProvider{}, GeoJsonCodecProvider{}, GridFSFileCodecProvider{}, Jsr310CodecProvider{}, JsonObjectCodecProvider{}, BsonCodecProvider{}, EnumCodecProvider{}, com.mongodb.client.model.mql.ExpressionCodecProvider@78da899f, com.mongodb.Jep395RecordCodecProvider@e7b265e, com.mongodb.KotlinCodecProvider@51da32e5]}, loggerSettings=LoggerSettings{maxDocumentLength=1000}, clusterSettings={hosts=[127.0.0.1:27017], srvHost=libreria.mc9vbyn.mongodb.net, srvServiceName=mongodb, mode=MULTIPLE, requiredClusterType=REPLICA_SET, requiredReplicaSetName='atlas-gkbj2o-shard-0', serverSelector='null', clusterListeners='[]', serverSelectionTimeout='30000 ms', localThreshold='15 ms'}, socketSettings=SocketSettings{connectTimeoutMS=10000, readTimeoutMS=0, receiveBufferSize=0, proxySettings=ProxySettings{host=null, port=null, username=null, password=null}}, heartbeatSocketSettings=SocketSettings{connectTimeoutMS=10000, readTimeoutMS=10000, receiveBufferSize=0, proxySettings=ProxySettings{host=null, port=null, username=null, password=null}}, connectionPoolSettings=ConnectionPoolSettings{maxSize=100, minSize=0, maxWaitTimeMS=120000, maxConnectionLifeTimeMS=0, maxConnectionIdleTimeMS=0, maintenanceInitialDelayMS=0, maintenanceFrequencyMS=60000, connectionPoolListeners=[], maxConnecting=2}, serverSettings=ServerSettings{heartbeatFrequencyMS=10000, minHeartbeatFrequencyMS=500, serverListeners='[]', serverMonitorListeners='[]'}, sslSettings=SslSettings{enabled=true, invalidHostNameAllowed=false, context=null}, applicationName='null', compressorList=[], uuidRepresentation=JAVA_LEGACY, serverApi=null, autoEncryptionSettings=null, dnsClient=null, inetAddressResolver=null, contextProvider=null}
2024-06-02T09:05:31.573-05:00  INFO 10396 --- [Biblioteca] [byn.mongodb.net] org.mongodb.driver.cluster               : Adding discovered server ac-y5mbucf-shard-00-02.mc9vbyn.mongodb.net:27017 to client view of cluster
2024-06-02T09:05:31.610-05:00  INFO 10396 --- [Biblioteca] [byn.mongodb.net] org.mongodb.driver.cluster               : Adding discovered server ac-y5mbucf-shard-00-00.mc9vbyn.mongodb.net:27017 to client view of cluster
2024-06-02T09:05:34.401-05:00  INFO 10396 --- [Biblioteca] [ngodb.net:27017] org.mongodb.driver.cluster               : Monitor thread successfully connected to server with description ServerDescription{address=ac-y5mbucf-shard-00-00.mc9vbyn.mongodb.net:27017, type=REPLICA_SET_SECONDARY, state=CONNECTED, ok=true, minWireVersion=0, maxWireVersion=21, maxDocumentSize=16777216, logicalSessionTimeoutMinutes=30, roundTripTimeNanos=1451982000, setName='atlas-gkbj2o-shard-0', canonicalAddress=ac-y5mbucf-shard-00-00.mc9vbyn.mongodb.net:27017, hosts=[ac-y5mbucf-shard-00-00.mc9vbyn.mongodb.net:27017, ac-y5mbucf-shard-00-01.mc9vbyn.mongodb.net:27017, ac-y5mbucf-shard-00-02.mc9vbyn.mongodb.net:27017], passives=[], arbiters=[], primary='ac-y5mbucf-shard-00-01.mc9vbyn.mongodb.net:27017', tagSet=TagSet{[Tag{name='availabilityZone', value='use1-az4'}, Tag{name='diskState', value='READY'}, Tag{name='nodeType', value='ELECTABLE'}, Tag{name='provider', value='AWS'}, Tag{name='region', value='US_EAST_1'}, Tag{name='workloadType', value='OPERATIONAL'}]}, electionId=null, setVersion=27, topologyVersion=TopologyVersion{processId=665915c632ee67d9a4cf1b2b, counter=5}, lastWriteDate=Sun Jun 02 09:05:34 COT 2024, lastUpdateTimeNanos=48261003508600}
2024-06-02T09:05:34.828-05:00  INFO 10396 --- [Biblioteca] [ngodb.net:27017] org.mongodb.driver.cluster               : Monitor thread successfully connected to server with description ServerDescription{address=ac-y5mbucf-shard-00-02.mc9vbyn.mongodb.net:27017, type=REPLICA_SET_SECONDARY, state=CONNECTED, ok=true, minWireVersion=0, maxWireVersion=21, maxDocumentSize=16777216, logicalSessionTimeoutMinutes=30, roundTripTimeNanos=1880513100, setName='atlas-gkbj2o-shard-0', canonicalAddress=ac-y5mbucf-shard-00-02.mc9vbyn.mongodb.net:27017, hosts=[ac-y5mbucf-shard-00-00.mc9vbyn.mongodb.net:27017, ac-y5mbucf-shard-00-01.mc9vbyn.mongodb.net:27017, ac-y5mbucf-shard-00-02.mc9vbyn.mongodb.net:27017], passives=[], arbiters=[], primary='ac-y5mbucf-shard-00-01.mc9vbyn.mongodb.net:27017', tagSet=TagSet{[Tag{name='availabilityZone', value='use1-az1'}, Tag{name='diskState', value='READY'}, Tag{name='nodeType', value='ELECTABLE'}, Tag{name='provider', value='AWS'}, Tag{name='region', value='US_EAST_1'}, Tag{name='workloadType', value='OPERATIONAL'}]}, electionId=null, setVersion=27, topologyVersion=TopologyVersion{processId=6659171adfd6621059a5a4a0, counter=5}, lastWriteDate=Sun Jun 02 09:05:34 COT 2024, lastUpdateTimeNanos=48261432040200}
2024-06-02T09:05:35.020-05:00  INFO 10396 --- [Biblioteca] [ngodb.net:27017] org.mongodb.driver.cluster               : Monitor thread successfully connected to server with description ServerDescription{address=ac-y5mbucf-shard-00-01.mc9vbyn.mongodb.net:27017, type=REPLICA_SET_PRIMARY, state=CONNECTED, ok=true, minWireVersion=0, maxWireVersion=21, maxDocumentSize=16777216, logicalSessionTimeoutMinutes=30, roundTripTimeNanos=2071838600, setName='atlas-gkbj2o-shard-0', canonicalAddress=ac-y5mbucf-shard-00-01.mc9vbyn.mongodb.net:27017, hosts=[ac-y5mbucf-shard-00-00.mc9vbyn.mongodb.net:27017, ac-y5mbucf-shard-00-01.mc9vbyn.mongodb.net:27017, ac-y5mbucf-shard-00-02.mc9vbyn.mongodb.net:27017], passives=[], arbiters=[], primary='ac-y5mbucf-shard-00-01.mc9vbyn.mongodb.net:27017', tagSet=TagSet{[Tag{name='availabilityZone', value='use1-az6'}, Tag{name='diskState', value='READY'}, Tag{name='nodeType', value='ELECTABLE'}, Tag{name='provider', value='AWS'}, Tag{name='region', value='US_EAST_1'}, Tag{name='workloadType', value='OPERATIONAL'}]}, electionId=7fffffff000000000000023e, setVersion=27, topologyVersion=TopologyVersion{processId=665914c6c23fefbd834bb887, counter=9}, lastWriteDate=Sun Jun 02 09:05:34 COT 2024, lastUpdateTimeNanos=48261623526100}
2024-06-02T09:05:35.023-05:00  INFO 10396 --- [Biblioteca] [ngodb.net:27017] org.mongodb.driver.cluster               : Discovered replica set primary ac-y5mbucf-shard-00-01.mc9vbyn.mongodb.net:27017 with max election id 7fffffff000000000000023e and max set version 27
2024-06-02T09:05:38.517-05:00  INFO 10396 --- [Biblioteca] [           main] c.biblioteca.BibliotecaApplicationTests  : Started BibliotecaApplicationTests in 16.707 seconds (process running for 23.547)
]]></system-out>
  </testcase>
</testsuite>